2024-11-19 09:48:56,029 - INFO - Image size: 27193 bytes
2024-11-19 09:48:56,032 - INFO - Converted Image to base65 Copy/Paste
2024-11-19 09:48:56,032 - INFO - getting description of name = 'Copy/Paste'
2024-11-19 09:49:00,859 - INFO - Got the image description...
2024-11-19 09:50:51,762 - INFO - Image size: 27193 bytes
2024-11-19 09:50:51,762 - INFO - Image size: 27193 bytes
2024-11-19 09:50:51,762 - INFO - Converted Image to base65 Copy/Paste
2024-11-19 09:50:51,762 - INFO - Converted Image to base65 Copy/Paste
2024-11-19 09:50:51,763 - INFO - getting description of name = 'Copy/Paste'
2024-11-19 09:50:51,763 - INFO - getting description of name = 'Copy/Paste'
2024-11-19 09:50:57,415 - INFO - Got the image description...
2024-11-19 09:50:57,415 - INFO - Got the image description...
2024-11-19 10:11:34,135 - INFO - Decomposition done...
2024-11-19 10:11:34,135 - INFO - Decomposition done...
2024-11-19 10:11:41,287 - INFO - Image size: 67692 bytes
2024-11-19 10:11:41,287 - INFO - Image size: 67692 bytes
2024-11-19 10:11:41,288 - INFO - Converted Image to base65 Screenshot 2024-10-01 113051.png
2024-11-19 10:11:41,288 - INFO - Converted Image to base65 Screenshot 2024-10-01 113051.png
2024-11-19 10:11:41,289 - INFO - getting description of name = 'Screenshot 2024-10-01 113051.png'
2024-11-19 10:11:41,289 - INFO - getting description of name = 'Screenshot 2024-10-01 113051.png'
2024-11-19 10:11:47,989 - INFO - Got the image description...
2024-11-19 10:11:47,989 - INFO - Got the image description...
2024-11-19 10:11:50,720 - INFO - got the answer for the given text....
2024-11-19 10:11:50,720 - INFO - got the answer for the given text....
2024-11-19 10:22:41,279 - INFO - Decomposition done...
2024-11-19 10:22:41,279 - INFO - Decomposition done...
2024-11-19 10:22:48,241 - INFO - Image size: 72569 bytes
2024-11-19 10:22:48,241 - INFO - Image size: 72569 bytes
2024-11-19 10:22:48,242 - INFO - Converted Image to base65 Reports-Cities 15.png
2024-11-19 10:22:48,242 - INFO - Converted Image to base65 Reports-Cities 15.png
2024-11-19 10:22:48,242 - INFO - getting description of name = 'Reports-Cities 15.png'
2024-11-19 10:22:48,242 - INFO - getting description of name = 'Reports-Cities 15.png'
2024-11-19 10:23:05,279 - INFO - Got the image description...
2024-11-19 10:23:05,279 - INFO - Got the image description...
2024-11-19 10:23:06,755 - INFO - got the answer for the given text....
2024-11-19 10:23:06,755 - INFO - got the answer for the given text....
2024-11-19 10:40:49,517 - INFO - Decomposition done...
2024-11-19 10:40:49,517 - INFO - Decomposition done...
2024-11-19 10:40:56,914 - INFO - Image size: 50333 bytes
2024-11-19 10:40:56,914 - INFO - Image size: 50333 bytes
2024-11-19 10:40:56,915 - INFO - Converted Image to base65 Screenshot 2024-10-30 094603.png
2024-11-19 10:40:56,915 - INFO - Converted Image to base65 Screenshot 2024-10-30 094603.png
2024-11-19 10:40:56,915 - INFO - getting description of name = 'Screenshot 2024-10-30 094603.png'
2024-11-19 10:40:56,915 - INFO - getting description of name = 'Screenshot 2024-10-30 094603.png'
2024-11-19 10:41:02,666 - INFO - Got the image description...
2024-11-19 10:41:02,666 - INFO - Got the image description...
2024-11-19 10:41:05,282 - INFO - got the answer for the given text....
2024-11-19 10:41:05,282 - INFO - got the answer for the given text....
2024-11-19 10:45:06,928 - INFO - Image size: 50333 bytes
2024-11-19 10:45:06,928 - INFO - Image size: 50333 bytes
2024-11-19 10:45:06,929 - INFO - Converted Image to base65 Screenshot 2024-10-30 094603.png
2024-11-19 10:45:06,929 - INFO - Converted Image to base65 Screenshot 2024-10-30 094603.png
2024-11-19 10:45:06,929 - INFO - getting description of name = 'Screenshot 2024-10-30 094603.png'
2024-11-19 10:45:06,929 - INFO - getting description of name = 'Screenshot 2024-10-30 094603.png'
2024-11-19 10:45:18,223 - INFO - Got the image description...
2024-11-19 10:45:18,223 - INFO - Got the image description...
2024-11-19 10:45:20,996 - INFO - got the answer for the given text....
2024-11-19 10:45:20,996 - INFO - got the answer for the given text....
2024-11-19 10:52:24,986 - INFO - Decomposition done...
2024-11-19 10:52:24,986 - INFO - Decomposition done...
2024-11-19 10:52:32,281 - INFO - Image size: 54770 bytes
2024-11-19 10:52:32,281 - INFO - Image size: 54770 bytes
2024-11-19 10:52:32,282 - INFO - Converted Image to base65 Screenshot 2024-09-28 213928.png
2024-11-19 10:52:32,282 - INFO - Converted Image to base65 Screenshot 2024-09-28 213928.png
2024-11-19 10:52:32,282 - INFO - getting description of name = 'Screenshot 2024-09-28 213928.png'
2024-11-19 10:52:32,282 - INFO - getting description of name = 'Screenshot 2024-09-28 213928.png'
2024-11-19 10:52:39,997 - INFO - Got the image description...
2024-11-19 10:52:39,997 - INFO - Got the image description...
2024-11-19 10:52:42,991 - INFO - got the answer for the given text....
2024-11-19 10:52:42,991 - INFO - got the answer for the given text....
2024-11-19 10:54:47,255 - INFO - Decomposition done...
2024-11-19 10:54:47,255 - INFO - Decomposition done...
2024-11-19 10:54:54,729 - INFO - Image size: 50333 bytes
2024-11-19 10:54:54,729 - INFO - Image size: 50333 bytes
2024-11-19 10:54:54,730 - INFO - Converted Image to base65 Screenshot 2024-10-30 094603.png
2024-11-19 10:54:54,730 - INFO - Converted Image to base65 Screenshot 2024-10-30 094603.png
2024-11-19 10:54:54,730 - INFO - getting description of name = 'Screenshot 2024-10-30 094603.png'
2024-11-19 10:54:54,730 - INFO - getting description of name = 'Screenshot 2024-10-30 094603.png'
2024-11-19 10:55:08,713 - INFO - Got the image description...
2024-11-19 10:55:08,713 - INFO - Got the image description...
2024-11-19 10:55:10,914 - INFO - got the answer for the given text....
2024-11-19 10:55:10,914 - INFO - got the answer for the given text....
2024-11-19 11:00:07,634 - INFO - Decomposition done...
2024-11-19 11:00:07,634 - INFO - Decomposition done...
2024-11-19 11:00:10,423 - INFO - Image size: 50333 bytes
2024-11-19 11:00:10,423 - INFO - Image size: 50333 bytes
2024-11-19 11:00:10,423 - INFO - Converted Image to base65 Screenshot 2024-10-30 094603.png
2024-11-19 11:00:10,423 - INFO - Converted Image to base65 Screenshot 2024-10-30 094603.png
2024-11-19 11:00:10,424 - INFO - getting description of name = 'Screenshot 2024-10-30 094603.png'
2024-11-19 11:00:10,424 - INFO - getting description of name = 'Screenshot 2024-10-30 094603.png'
2024-11-19 11:00:19,445 - INFO - Decomposition done...
2024-11-19 11:00:19,445 - INFO - Decomposition done...
2024-11-19 11:00:30,239 - INFO - Got the image description...
2024-11-19 11:00:30,239 - INFO - Got the image description...
2024-11-19 11:00:30,802 - INFO - got the answer for the given text....
2024-11-19 11:00:30,802 - INFO - got the answer for the given text....
2024-11-19 11:00:34,622 - INFO - Image size: 54770 bytes
2024-11-19 11:00:34,622 - INFO - Image size: 54770 bytes
2024-11-19 11:00:34,623 - INFO - Converted Image to base65 Screenshot 2024-09-28 213928.png
2024-11-19 11:00:34,623 - INFO - Converted Image to base65 Screenshot 2024-09-28 213928.png
2024-11-19 11:00:34,623 - INFO - getting description of name = 'Screenshot 2024-09-28 213928.png'
2024-11-19 11:00:34,623 - INFO - getting description of name = 'Screenshot 2024-09-28 213928.png'
2024-11-19 11:00:46,976 - INFO - Got the image description...
2024-11-19 11:00:46,976 - INFO - Got the image description...
2024-11-19 11:00:48,750 - INFO - got the answer for the given text....
2024-11-19 11:00:48,750 - INFO - got the answer for the given text....
2024-11-19 12:15:54,370 - INFO - Decomposition done...
2024-11-19 12:15:54,370 - INFO - Decomposition done...
2024-11-19 12:16:01,791 - INFO - Content-Length header not available
2024-11-19 12:16:01,791 - INFO - Content-Length header not available
2024-11-19 12:16:01,793 - INFO - Converted Image to base65 Screenshot 2024-09-28 213928.png
2024-11-19 12:16:01,793 - INFO - Converted Image to base65 Screenshot 2024-09-28 213928.png
2024-11-19 12:16:01,793 - INFO - getting description of name = 'Screenshot 2024-09-28 213928.png'
2024-11-19 12:16:01,793 - INFO - getting description of name = 'Screenshot 2024-09-28 213928.png'
2024-11-19 12:16:30,099 - INFO - Content-Length header not available
2024-11-19 12:16:30,099 - INFO - Content-Length header not available
2024-11-19 12:16:30,100 - INFO - Converted Image to base65 Screenshot 2024-09-28 213928.png
2024-11-19 12:16:30,100 - INFO - Converted Image to base65 Screenshot 2024-09-28 213928.png
2024-11-19 12:16:30,100 - INFO - getting description of name = 'Screenshot 2024-09-28 213928.png'
2024-11-19 12:16:30,100 - INFO - getting description of name = 'Screenshot 2024-09-28 213928.png'
2024-11-19 12:17:23,306 - INFO - Decomposition done...
2024-11-19 12:17:23,306 - INFO - Decomposition done...
2024-11-19 12:17:30,394 - INFO - Image size: 50333 bytes
2024-11-19 12:17:30,394 - INFO - Image size: 50333 bytes
2024-11-19 12:17:30,394 - INFO - Converted Image to base65 Copy/Paste
2024-11-19 12:17:30,394 - INFO - Converted Image to base65 Copy/Paste
2024-11-19 12:17:30,394 - INFO - getting description of name = 'Copy/Paste'
2024-11-19 12:17:30,394 - INFO - getting description of name = 'Copy/Paste'
2024-11-19 12:17:40,366 - INFO - Got the image description...
2024-11-19 12:17:40,366 - INFO - Got the image description...
2024-11-19 12:17:42,528 - INFO - got the answer for the given text....
2024-11-19 12:17:42,528 - INFO - got the answer for the given text....
2024-11-19 12:24:50,671 - INFO - Image size: 50333 bytes
2024-11-19 12:24:50,671 - INFO - Image size: 50333 bytes
2024-11-19 12:24:50,673 - INFO - Converted Image to base65 Copy/Paste
2024-11-19 12:24:50,673 - INFO - Converted Image to base65 Copy/Paste
2024-11-19 12:24:50,673 - INFO - getting description of name = 'Copy/Paste'
2024-11-19 12:24:50,673 - INFO - getting description of name = 'Copy/Paste'
2024-11-19 12:25:03,805 - INFO - Got the image description...
2024-11-19 12:25:03,805 - INFO - Got the image description...
2024-11-19 12:25:06,476 - INFO - got the answer for the given text....
2024-11-19 12:25:06,476 - INFO - got the answer for the given text....
2024-11-19 12:32:17,963 - INFO - Decomposition done...
2024-11-19 12:32:17,963 - INFO - Decomposition done...
2024-11-19 12:32:25,806 - INFO - Image size: 50333 bytes
2024-11-19 12:32:25,806 - INFO - Image size: 50333 bytes
2024-11-19 12:32:25,807 - INFO - Converted Image to base65 Copy/Paste
2024-11-19 12:32:25,807 - INFO - Converted Image to base65 Copy/Paste
2024-11-19 12:32:25,808 - INFO - getting description of name = 'Copy/Paste'
2024-11-19 12:32:25,808 - INFO - getting description of name = 'Copy/Paste'
2024-11-19 12:32:38,202 - INFO - Got the image description...
2024-11-19 12:32:38,202 - INFO - Got the image description...
2024-11-19 12:41:33,942 - INFO - Image size: 50333 bytes
2024-11-19 12:41:33,942 - INFO - Image size: 50333 bytes
2024-11-19 12:41:33,943 - INFO - Converted Image to base65 Copy/Paste
2024-11-19 12:41:33,943 - INFO - Converted Image to base65 Copy/Paste
2024-11-19 12:41:33,944 - INFO - getting description of name = 'Copy/Paste'
2024-11-19 12:41:33,944 - INFO - getting description of name = 'Copy/Paste'
2024-11-19 12:41:44,785 - INFO - Got the image description...
2024-11-19 12:41:44,785 - INFO - Got the image description...
2024-11-19 12:41:46,570 - INFO - got the answer for the given text....
2024-11-19 12:41:46,570 - INFO - got the answer for the given text....
2024-11-19 12:46:01,851 - INFO - Decomposition done...
2024-11-19 12:46:01,851 - INFO - Decomposition done...
2024-11-19 12:46:09,219 - INFO - Image size: 50333 bytes
2024-11-19 12:46:09,219 - INFO - Image size: 50333 bytes
2024-11-19 12:46:09,219 - INFO - Converted Image to base65 Copy/Paste
2024-11-19 12:46:09,219 - INFO - Converted Image to base65 Copy/Paste
2024-11-19 12:46:09,219 - INFO - getting description of name = 'Copy/Paste'
2024-11-19 12:46:09,219 - INFO - getting description of name = 'Copy/Paste'
2024-11-19 12:46:23,455 - INFO - Got the image description...
2024-11-19 12:46:23,455 - INFO - Got the image description...
2024-11-19 12:46:27,796 - INFO - got the answer for the given text....
2024-11-19 12:46:27,796 - INFO - got the answer for the given text....
2024-11-19 12:53:24,803 - INFO - Decomposition done...
2024-11-19 12:53:24,803 - INFO - Decomposition done...
2024-11-19 12:53:31,843 - INFO - Image size: 50333 bytes
2024-11-19 12:53:31,843 - INFO - Image size: 50333 bytes
2024-11-19 12:53:31,844 - INFO - Converted Image to base65 Copy/Paste
2024-11-19 12:53:31,844 - INFO - Converted Image to base65 Copy/Paste
2024-11-19 12:53:31,844 - INFO - getting description of name = 'Copy/Paste'
2024-11-19 12:53:31,844 - INFO - getting description of name = 'Copy/Paste'
2024-11-19 12:53:41,951 - INFO - Got the image description...
2024-11-19 12:53:41,951 - INFO - Got the image description...
2024-11-19 12:53:46,933 - INFO - got the answer for the given text....
2024-11-19 12:53:46,933 - INFO - got the answer for the given text....
2024-11-19 12:54:30,473 - INFO - Decomposition done...
2024-11-19 12:54:30,473 - INFO - Decomposition done...
2024-11-19 12:54:37,213 - INFO - Image size: 50333 bytes
2024-11-19 12:54:37,213 - INFO - Image size: 50333 bytes
2024-11-19 12:54:37,214 - INFO - Converted Image to base65 Copy/Paste
2024-11-19 12:54:37,214 - INFO - Converted Image to base65 Copy/Paste
2024-11-19 12:54:37,214 - INFO - getting description of name = 'Copy/Paste'
2024-11-19 12:54:37,214 - INFO - getting description of name = 'Copy/Paste'
2024-11-19 12:54:46,364 - INFO - Got the image description...
2024-11-19 12:54:46,364 - INFO - Got the image description...
2024-11-19 12:54:46,953 - INFO - got the answer for the given text....
2024-11-19 12:54:46,953 - INFO - got the answer for the given text....
2024-11-19 12:58:05,109 - INFO - Decomposition done...
2024-11-19 12:58:05,109 - INFO - Decomposition done...
2024-11-19 12:59:15,167 - INFO - Decomposition done...
2024-11-19 12:59:15,167 - INFO - Decomposition done...
2024-11-19 13:09:35,107 - INFO - Decomposition done...
2024-11-19 13:09:35,107 - INFO - Decomposition done...
2024-11-19 13:10:37,612 - INFO - Decomposition done...
2024-11-19 13:10:37,612 - INFO - Decomposition done...
2024-11-19 13:18:19,131 - INFO - Decomposition done...
2024-11-19 13:18:19,131 - INFO - Decomposition done...
2024-11-19 13:21:28,077 - INFO - Decomposition done...
2024-11-19 13:21:28,077 - INFO - Decomposition done...
2024-11-19 13:21:32,879 - INFO - Decomposition done...
2024-11-19 13:21:32,879 - INFO - Decomposition done...
2024-11-19 13:21:37,363 - INFO - Image size: 50333 bytes
2024-11-19 13:21:37,363 - INFO - Image size: 50333 bytes
2024-11-19 13:21:37,364 - INFO - Converted Image to base65 Copy/Paste
2024-11-19 13:21:37,364 - INFO - Converted Image to base65 Copy/Paste
2024-11-19 13:21:37,364 - INFO - getting description of name = 'Copy/Paste'
2024-11-19 13:21:37,364 - INFO - getting description of name = 'Copy/Paste'
2024-11-19 13:21:38,561 - INFO - Image size: 56584 bytes
2024-11-19 13:21:38,561 - INFO - Image size: 56584 bytes
2024-11-19 13:21:38,562 - INFO - Converted Image to base65 Copy/Paste
2024-11-19 13:21:38,562 - INFO - Converted Image to base65 Copy/Paste
2024-11-19 13:21:38,562 - INFO - getting description of name = 'Copy/Paste'
2024-11-19 13:21:38,562 - INFO - getting description of name = 'Copy/Paste'
2024-11-19 13:21:46,703 - INFO - Got the image description...
2024-11-19 13:21:46,703 - INFO - Got the image description...
2024-11-19 13:21:50,606 - INFO - Got the image description...
2024-11-19 13:21:50,606 - INFO - Got the image description...
2024-11-19 13:21:52,409 - INFO - got the answer for the given text....
2024-11-19 13:21:52,409 - INFO - got the answer for the given text....
2024-11-19 13:21:54,429 - INFO - got the answer for the given text....
2024-11-19 13:21:54,429 - INFO - got the answer for the given text....
2024-11-19 13:24:52,706 - INFO - Decomposition done...
2024-11-19 13:24:52,706 - INFO - Decomposition done...
2024-11-19 13:25:00,938 - INFO - Image size: 21799 bytes
2024-11-19 13:25:00,938 - INFO - Image size: 21799 bytes
2024-11-19 13:25:00,939 - INFO - Converted Image to base65 Copy/Paste
2024-11-19 13:25:00,939 - INFO - Converted Image to base65 Copy/Paste
2024-11-19 13:25:00,939 - INFO - getting description of name = 'Copy/Paste'
2024-11-19 13:25:00,939 - INFO - getting description of name = 'Copy/Paste'
2024-11-19 13:25:07,688 - INFO - Got the image description...
2024-11-19 13:25:07,688 - INFO - Got the image description...
2024-11-19 13:25:10,022 - INFO - got the answer for the given text....
2024-11-19 13:25:10,022 - INFO - got the answer for the given text....
2024-11-19 13:29:36,703 - INFO - Decomposition done...
2024-11-19 13:29:36,703 - INFO - Decomposition done...
2024-11-19 13:29:39,633 - INFO - Image size: 21799 bytes
2024-11-19 13:29:39,633 - INFO - Image size: 21799 bytes
2024-11-19 13:29:39,634 - INFO - Converted Image to base65 Copy/Paste
2024-11-19 13:29:39,634 - INFO - Converted Image to base65 Copy/Paste
2024-11-19 13:29:39,634 - INFO - getting description of name = 'Copy/Paste'
2024-11-19 13:29:39,634 - INFO - getting description of name = 'Copy/Paste'
2024-11-19 13:29:45,164 - INFO - Got the image description...
2024-11-19 13:29:45,164 - INFO - Got the image description...
2024-11-19 13:29:46,710 - INFO - got the answer for the given text....
2024-11-19 13:29:46,710 - INFO - got the answer for the given text....
2024-11-19 13:52:36,035 - INFO - Decomposition done...
2024-11-19 13:52:36,035 - INFO - Decomposition done...
2024-11-19 13:52:43,413 - INFO - Image size: 101428 bytes
2024-11-19 13:52:43,413 - INFO - Image size: 101428 bytes
2024-11-19 13:52:43,415 - INFO - Converted Image to base65 ad_log_graph 10.png
2024-11-19 13:52:43,415 - INFO - Converted Image to base65 ad_log_graph 10.png
2024-11-19 13:52:43,415 - INFO - getting description of name = 'ad_log_graph 10.png'
2024-11-19 13:52:43,415 - INFO - getting description of name = 'ad_log_graph 10.png'
2024-11-19 13:52:43,444 - INFO - Image size: 68928 bytes
2024-11-19 13:52:43,444 - INFO - Image size: 68928 bytes
2024-11-19 13:52:43,445 - INFO - Converted Image to base65 decomp-example 10.png
2024-11-19 13:52:43,445 - INFO - Converted Image to base65 decomp-example 10.png
2024-11-19 13:52:43,445 - INFO - getting description of name = 'decomp-example 10.png'
2024-11-19 13:52:43,445 - INFO - getting description of name = 'decomp-example 10.png'
2024-11-19 13:52:43,447 - INFO - Image size: 129453 bytes
2024-11-19 13:52:43,447 - INFO - Image size: 129453 bytes
2024-11-19 13:52:43,448 - INFO - Converted Image to base65 ad_log_graph_anomalies 10.png
2024-11-19 13:52:43,448 - INFO - Converted Image to base65 ad_log_graph_anomalies 10.png
2024-11-19 13:52:43,449 - INFO - getting description of name = 'ad_log_graph_anomalies 10.png'
2024-11-19 13:52:43,449 - INFO - getting description of name = 'ad_log_graph_anomalies 10.png'
2024-11-19 13:52:43,467 - INFO - Image size: 246160 bytes
2024-11-19 13:52:43,467 - INFO - Image size: 246160 bytes
2024-11-19 13:52:43,469 - INFO - Converted Image to base65 multiple logs 10.png
2024-11-19 13:52:43,469 - INFO - Converted Image to base65 multiple logs 10.png
2024-11-19 13:52:43,469 - INFO - getting description of name = 'multiple logs 10.png'
2024-11-19 13:52:43,469 - INFO - getting description of name = 'multiple logs 10.png'
2024-11-19 13:52:43,474 - INFO - Image size: 72569 bytes
2024-11-19 13:52:43,474 - INFO - Image size: 72569 bytes
2024-11-19 13:52:43,474 - INFO - Converted Image to base65 Reports-Cities 14.png
2024-11-19 13:52:43,474 - INFO - Converted Image to base65 Reports-Cities 14.png
2024-11-19 13:52:43,474 - INFO - getting description of name = 'Reports-Cities 14.png'
2024-11-19 13:52:43,474 - INFO - getting description of name = 'Reports-Cities 14.png'
2024-11-19 13:52:43,486 - INFO - Image size: 54985 bytes
2024-11-19 13:52:43,486 - INFO - Image size: 54985 bytes
2024-11-19 13:52:43,487 - INFO - Converted Image to base65 graphDistributionStatistics 11.png
2024-11-19 13:52:43,487 - INFO - Converted Image to base65 graphDistributionStatistics 11.png
2024-11-19 13:52:43,487 - INFO - getting description of name = 'graphDistributionStatistics 11.png'
2024-11-19 13:52:43,487 - INFO - getting description of name = 'graphDistributionStatistics 11.png'
2024-11-19 13:52:43,500 - INFO - Image size: 606899 bytes
2024-11-19 13:52:43,500 - INFO - Image size: 606899 bytes
2024-11-19 13:52:43,503 - INFO - Converted Image to base65 summer-dream-4096-x-2048 5.jpg
2024-11-19 13:52:43,503 - INFO - Converted Image to base65 summer-dream-4096-x-2048 5.jpg
2024-11-19 13:52:43,503 - INFO - getting description of name = 'summer-dream-4096-x-2048 5.jpg'
2024-11-19 13:52:43,503 - INFO - getting description of name = 'summer-dream-4096-x-2048 5.jpg'
2024-11-19 13:52:43,507 - INFO - Image size: 210668 bytes
2024-11-19 13:52:43,507 - INFO - Image size: 210668 bytes
2024-11-19 13:52:43,508 - INFO - Converted Image to base65 bloodPressure 11.jpg
2024-11-19 13:52:43,508 - INFO - Converted Image to base65 bloodPressure 11.jpg
2024-11-19 13:52:43,508 - INFO - getting description of name = 'bloodPressure 11.jpg'
2024-11-19 13:52:43,508 - INFO - getting description of name = 'bloodPressure 11.jpg'
2024-11-19 13:52:43,517 - INFO - Image size: 128095 bytes
2024-11-19 13:52:43,517 - INFO - Image size: 128095 bytes
2024-11-19 13:52:43,518 - INFO - Converted Image to base65 full_log 10.png
2024-11-19 13:52:43,518 - INFO - Converted Image to base65 full_log 10.png
2024-11-19 13:52:43,518 - INFO - getting description of name = 'full_log 10.png'
2024-11-19 13:52:43,518 - INFO - getting description of name = 'full_log 10.png'
2024-11-19 13:52:44,680 - INFO - Image size: 45005 bytes
2024-11-19 13:52:44,680 - INFO - Image size: 45005 bytes
2024-11-19 13:52:44,681 - INFO - Converted Image to base65 Copy/Paste
2024-11-19 13:52:44,681 - INFO - Converted Image to base65 Copy/Paste
2024-11-19 13:52:44,681 - INFO - getting description of name = 'Copy/Paste'
2024-11-19 13:52:44,681 - INFO - getting description of name = 'Copy/Paste'
2024-11-19 13:52:48,447 - INFO - Got the image description...
2024-11-19 13:52:48,447 - INFO - Got the image description...
2024-11-19 13:52:49,018 - INFO - got the answer for the given text....
2024-11-19 13:52:49,018 - INFO - got the answer for the given text....
2024-11-19 13:52:49,143 - INFO - Got the image description...
2024-11-19 13:52:49,143 - INFO - Got the image description...
2024-11-19 13:52:49,639 - INFO - Got the image description...
2024-11-19 13:52:49,639 - INFO - Got the image description...
2024-11-19 13:52:49,896 - INFO - got the answer for the given text....
2024-11-19 13:52:49,896 - INFO - got the answer for the given text....
2024-11-19 13:52:50,153 - INFO - Image size: 37361 bytes
2024-11-19 13:52:50,153 - INFO - Image size: 37361 bytes
2024-11-19 13:52:50,154 - INFO - Converted Image to base65 Copy/Paste
2024-11-19 13:52:50,154 - INFO - Converted Image to base65 Copy/Paste
2024-11-19 13:52:50,154 - INFO - getting description of name = 'Copy/Paste'
2024-11-19 13:52:50,154 - INFO - getting description of name = 'Copy/Paste'
2024-11-19 13:52:50,193 - INFO - got the answer for the given text....
2024-11-19 13:52:50,193 - INFO - got the answer for the given text....
2024-11-19 13:52:50,519 - INFO - Got the image description...
2024-11-19 13:52:50,519 - INFO - Got the image description...
2024-11-19 13:52:50,868 - INFO - Got the image description...
2024-11-19 13:52:50,868 - INFO - Got the image description...
2024-11-19 13:52:51,169 - INFO - Image size: 40285 bytes
2024-11-19 13:52:51,169 - INFO - Image size: 40285 bytes
2024-11-19 13:52:51,169 - INFO - Converted Image to base65 Copy/Paste
2024-11-19 13:52:51,169 - INFO - Converted Image to base65 Copy/Paste
2024-11-19 13:52:51,169 - INFO - getting description of name = 'Copy/Paste'
2024-11-19 13:52:51,169 - INFO - getting description of name = 'Copy/Paste'
2024-11-19 13:52:51,184 - INFO - got the answer for the given text....
2024-11-19 13:52:51,184 - INFO - got the answer for the given text....
2024-11-19 13:52:51,256 - INFO - Image size: 38709 bytes
2024-11-19 13:52:51,256 - INFO - Image size: 38709 bytes
2024-11-19 13:52:51,257 - INFO - Converted Image to base65 Copy/Paste
2024-11-19 13:52:51,257 - INFO - Converted Image to base65 Copy/Paste
2024-11-19 13:52:51,257 - INFO - getting description of name = 'Copy/Paste'
2024-11-19 13:52:51,257 - INFO - getting description of name = 'Copy/Paste'
2024-11-19 13:52:51,504 - INFO - got the answer for the given text....
2024-11-19 13:52:51,504 - INFO - got the answer for the given text....
2024-11-19 13:52:51,834 - INFO - Got the image description...
2024-11-19 13:52:51,834 - INFO - Got the image description...
2024-11-19 13:52:52,210 - INFO - Image size: 35263 bytes
2024-11-19 13:52:52,210 - INFO - Image size: 35263 bytes
2024-11-19 13:52:52,211 - INFO - Converted Image to base65 Copy/Paste
2024-11-19 13:52:52,211 - INFO - Converted Image to base65 Copy/Paste
2024-11-19 13:52:52,211 - INFO - getting description of name = 'Copy/Paste'
2024-11-19 13:52:52,211 - INFO - getting description of name = 'Copy/Paste'
2024-11-19 13:52:52,479 - INFO - Got the image description...
2024-11-19 13:52:52,479 - INFO - Got the image description...
2024-11-19 13:52:52,529 - INFO - got the answer for the given text....
2024-11-19 13:52:52,529 - INFO - got the answer for the given text....
2024-11-19 13:52:52,572 - INFO - Image size: 37759 bytes
2024-11-19 13:52:52,572 - INFO - Image size: 37759 bytes
2024-11-19 13:52:52,573 - INFO - Converted Image to base65 Copy/Paste
2024-11-19 13:52:52,573 - INFO - Converted Image to base65 Copy/Paste
2024-11-19 13:52:52,573 - INFO - getting description of name = 'Copy/Paste'
2024-11-19 13:52:52,573 - INFO - getting description of name = 'Copy/Paste'
2024-11-19 13:52:53,008 - INFO - Got the image description...
2024-11-19 13:52:53,008 - INFO - Got the image description...
2024-11-19 13:52:53,105 - INFO - got the answer for the given text....
2024-11-19 13:52:53,105 - INFO - got the answer for the given text....
2024-11-19 13:52:53,322 - INFO - Image size: 27193 bytes
2024-11-19 13:52:53,322 - INFO - Image size: 27193 bytes
2024-11-19 13:52:53,323 - INFO - Converted Image to base65 Copy/Paste
2024-11-19 13:52:53,323 - INFO - Converted Image to base65 Copy/Paste
2024-11-19 13:52:53,323 - INFO - getting description of name = 'Copy/Paste'
2024-11-19 13:52:53,323 - INFO - getting description of name = 'Copy/Paste'
2024-11-19 13:52:54,048 - INFO - got the answer for the given text....
2024-11-19 13:52:54,048 - INFO - got the answer for the given text....
2024-11-19 13:52:55,584 - INFO - Got the image description...
2024-11-19 13:52:55,584 - INFO - Got the image description...
2024-11-19 13:52:56,119 - INFO - Got the image description...
2024-11-19 13:52:56,119 - INFO - Got the image description...
2024-11-19 13:52:56,191 - INFO - got the answer for the given text....
2024-11-19 13:52:56,191 - INFO - got the answer for the given text....
2024-11-19 13:52:58,020 - INFO - got the answer for the given text....
2024-11-19 13:52:58,020 - INFO - got the answer for the given text....
2024-11-19 13:52:58,848 - INFO - Got the image description...
2024-11-19 13:52:58,848 - INFO - Got the image description...
2024-11-19 13:52:59,208 - INFO - Got the image description...
2024-11-19 13:52:59,208 - INFO - Got the image description...
2024-11-19 13:52:59,657 - INFO - Got the image description...
2024-11-19 13:52:59,657 - INFO - Got the image description...
2024-11-19 13:52:59,769 - INFO - got the answer for the given text....
2024-11-19 13:52:59,769 - INFO - got the answer for the given text....
2024-11-19 13:53:00,366 - INFO - Got the image description...
2024-11-19 13:53:00,366 - INFO - Got the image description...
2024-11-19 13:53:00,490 - INFO - got the answer for the given text....
2024-11-19 13:53:00,490 - INFO - got the answer for the given text....
2024-11-19 13:53:00,782 - INFO - Got the image description...
2024-11-19 13:53:00,782 - INFO - Got the image description...
2024-11-19 13:53:00,948 - INFO - got the answer for the given text....
2024-11-19 13:53:00,948 - INFO - got the answer for the given text....
2024-11-19 13:53:01,062 - INFO - got the answer for the given text....
2024-11-19 13:53:01,062 - INFO - got the answer for the given text....
2024-11-19 13:53:01,455 - INFO - got the answer for the given text....
2024-11-19 13:53:01,455 - INFO - got the answer for the given text....
2024-11-19 13:53:08,313 - INFO - Got the image description...
2024-11-19 13:53:08,313 - INFO - Got the image description...
2024-11-19 13:53:09,213 - INFO - got the answer for the given text....
2024-11-19 13:53:09,213 - INFO - got the answer for the given text....
2024-11-19 14:08:23,877 - INFO - Decomposition done...
2024-11-19 14:08:23,877 - INFO - Decomposition done...
2024-11-19 14:08:33,735 - INFO - Image size: 117669 bytes
2024-11-19 14:08:33,735 - INFO - Image size: 117669 bytes
2024-11-19 14:08:33,736 - INFO - Converted Image to base65 Copy/Paste
2024-11-19 14:08:33,736 - INFO - Converted Image to base65 Copy/Paste
2024-11-19 14:08:33,736 - INFO - getting description of name = 'Copy/Paste'
2024-11-19 14:08:33,736 - INFO - getting description of name = 'Copy/Paste'
2024-11-19 14:08:49,046 - INFO - Got the image description...
2024-11-19 14:08:49,046 - INFO - Got the image description...
2024-11-19 14:08:49,611 - INFO - got the answer for the given text....
2024-11-19 14:08:49,611 - INFO - got the answer for the given text....
2024-11-19 14:11:07,211 - INFO - Decomposition done...
2024-11-19 14:11:07,211 - INFO - Decomposition done...
2024-11-19 14:11:17,000 - INFO - Image size: 120072 bytes
2024-11-19 14:11:17,000 - INFO - Image size: 120072 bytes
2024-11-19 14:11:17,001 - INFO - Converted Image to base65 Copy/Paste
2024-11-19 14:11:17,001 - INFO - Converted Image to base65 Copy/Paste
2024-11-19 14:11:17,001 - INFO - getting description of name = 'Copy/Paste'
2024-11-19 14:11:17,001 - INFO - getting description of name = 'Copy/Paste'
2024-11-19 14:11:23,341 - INFO - Got the image description...
2024-11-19 14:11:23,341 - INFO - Got the image description...
2024-11-19 14:11:24,667 - INFO - got the answer for the given text....
2024-11-19 14:11:24,667 - INFO - got the answer for the given text....
2024-11-19 14:19:19,746 - INFO - Decomposition done...
2024-11-19 14:19:19,746 - INFO - Decomposition done...
2024-11-19 14:19:28,052 - INFO - Image size: 117669 bytes
2024-11-19 14:19:28,052 - INFO - Image size: 117669 bytes
2024-11-19 14:19:28,053 - INFO - Converted Image to base65 Copy/Paste
2024-11-19 14:19:28,053 - INFO - Converted Image to base65 Copy/Paste
2024-11-19 14:19:28,053 - INFO - getting description of name = 'Copy/Paste'
2024-11-19 14:19:28,053 - INFO - getting description of name = 'Copy/Paste'
2024-11-19 14:19:37,141 - INFO - Got the image description...
2024-11-19 14:19:37,141 - INFO - Got the image description...
2024-11-19 14:19:37,725 - INFO - got the answer for the given text....
2024-11-19 14:19:37,725 - INFO - got the answer for the given text....
2024-11-19 14:24:44,270 - INFO - Decomposition done...
2024-11-19 14:24:44,270 - INFO - Decomposition done...
2024-11-19 14:24:51,321 - INFO - Image size: 120072 bytes
2024-11-19 14:24:51,321 - INFO - Image size: 120072 bytes
2024-11-19 14:24:51,322 - INFO - Converted Image to base65 Copy/Paste
2024-11-19 14:24:51,322 - INFO - Converted Image to base65 Copy/Paste
2024-11-19 14:24:51,322 - INFO - getting description of name = 'Copy/Paste'
2024-11-19 14:24:51,322 - INFO - getting description of name = 'Copy/Paste'
2024-11-19 14:24:58,509 - INFO - Got the image description...
2024-11-19 14:24:58,509 - INFO - Got the image description...
2024-11-19 14:24:59,038 - INFO - got the answer for the given text....
2024-11-19 14:24:59,038 - INFO - got the answer for the given text....
2024-11-19 14:27:54,867 - INFO - Decomposition done...
2024-11-19 14:27:54,867 - INFO - Decomposition done...
2024-11-19 14:27:54,940 - INFO - Decomposition done...
2024-11-19 14:27:54,940 - INFO - Decomposition done...
2024-11-19 14:27:55,067 - INFO - Decomposition done...
2024-11-19 14:27:55,067 - INFO - Decomposition done...
2024-11-19 14:27:57,273 - INFO - Image size: 117669 bytes
2024-11-19 14:27:57,273 - INFO - Image size: 117669 bytes
2024-11-19 14:27:57,274 - INFO - Converted Image to base65 Copy/Paste
2024-11-19 14:27:57,274 - INFO - Converted Image to base65 Copy/Paste
2024-11-19 14:27:57,274 - INFO - getting description of name = 'Copy/Paste'
2024-11-19 14:27:57,274 - INFO - getting description of name = 'Copy/Paste'
2024-11-19 14:28:01,702 - INFO - Image size: 78 bytes
2024-11-19 14:28:01,702 - INFO - Image size: 78 bytes
2024-11-19 14:28:01,703 - INFO - Converted Image to base65 Copy/Paste
2024-11-19 14:28:01,703 - INFO - Converted Image to base65 Copy/Paste
2024-11-19 14:28:01,704 - INFO - getting description of name = 'Copy/Paste'
2024-11-19 14:28:01,704 - INFO - getting description of name = 'Copy/Paste'
2024-11-19 14:28:01,760 - INFO - Image size: 120072 bytes
2024-11-19 14:28:01,760 - INFO - Image size: 120072 bytes
2024-11-19 14:28:01,761 - INFO - Converted Image to base65 Copy/Paste
2024-11-19 14:28:01,761 - INFO - Converted Image to base65 Copy/Paste
2024-11-19 14:28:01,761 - INFO - getting description of name = 'Copy/Paste'
2024-11-19 14:28:01,761 - INFO - getting description of name = 'Copy/Paste'
2024-11-19 14:28:06,099 - INFO - Got the image description...
2024-11-19 14:28:06,099 - INFO - Got the image description...
2024-11-19 14:28:06,594 - INFO - got the answer for the given text....
2024-11-19 14:28:06,594 - INFO - got the answer for the given text....
2024-11-19 14:28:14,593 - INFO - Got the image description...
2024-11-19 14:28:14,593 - INFO - Got the image description...
2024-11-19 14:28:15,096 - INFO - got the answer for the given text....
2024-11-19 14:28:15,096 - INFO - got the answer for the given text....
2024-11-19 14:55:38,052 - INFO - Decomposition done...
2024-11-19 14:55:38,052 - INFO - Decomposition done...
2024-11-19 14:55:45,916 - INFO - Image size: 120072 bytes
2024-11-19 14:55:45,916 - INFO - Image size: 120072 bytes
2024-11-19 14:55:45,917 - INFO - Converted Image to base65 Copy/Paste
2024-11-19 14:55:45,917 - INFO - Converted Image to base65 Copy/Paste
2024-11-19 14:55:45,917 - INFO - getting description of name = 'Copy/Paste'
2024-11-19 14:55:45,917 - INFO - getting description of name = 'Copy/Paste'
2024-11-19 14:55:51,244 - INFO - Got the image description...
2024-11-19 14:55:51,244 - INFO - Got the image description...
2024-11-19 14:55:52,077 - INFO - got the answer for the given text....
2024-11-19 14:55:52,077 - INFO - got the answer for the given text....
2024-11-19 15:00:14,616 - INFO - Image size: 120072 bytes
2024-11-19 15:00:14,616 - INFO - Image size: 120072 bytes
2024-11-19 15:00:14,617 - INFO - Converted Image to base65 Copy/Paste
2024-11-19 15:00:14,617 - INFO - Converted Image to base65 Copy/Paste
2024-11-19 15:00:14,617 - INFO - getting description of name = 'Copy/Paste'
2024-11-19 15:00:14,617 - INFO - getting description of name = 'Copy/Paste'
2024-11-19 15:00:23,147 - INFO - Got the image description...
2024-11-19 15:00:23,147 - INFO - Got the image description...
2024-11-19 15:00:25,228 - INFO - got the answer for the given text....
2024-11-19 15:00:25,228 - INFO - got the answer for the given text....
2024-11-19 15:04:08,432 - INFO - Decomposition done...
2024-11-19 15:04:08,432 - INFO - Decomposition done...
2024-11-19 15:04:15,945 - INFO - Image size: 23612 bytes
2024-11-19 15:04:15,945 - INFO - Image size: 23612 bytes
2024-11-19 15:04:15,945 - INFO - Converted Image to base65 Copy/Paste
2024-11-19 15:04:15,945 - INFO - Converted Image to base65 Copy/Paste
2024-11-19 15:04:15,946 - INFO - getting description of name = 'Copy/Paste'
2024-11-19 15:04:15,946 - INFO - getting description of name = 'Copy/Paste'
2024-11-19 15:04:22,704 - INFO - Got the image description...
2024-11-19 15:04:22,704 - INFO - Got the image description...
2024-11-19 15:04:27,906 - INFO - got the answer for the given text....
2024-11-19 15:04:27,906 - INFO - got the answer for the given text....
2024-11-19 15:24:48,395 - INFO - Decomposition done...
2024-11-19 15:24:48,395 - INFO - Decomposition done...
2024-11-19 15:24:56,777 - INFO - Image size: 23612 bytes
2024-11-19 15:24:56,777 - INFO - Image size: 23612 bytes
2024-11-19 15:24:56,778 - INFO - Converted Image to base65 Copy/Paste
2024-11-19 15:24:56,778 - INFO - Converted Image to base65 Copy/Paste
2024-11-19 15:24:56,778 - INFO - getting description of name = 'Copy/Paste'
2024-11-19 15:24:56,778 - INFO - getting description of name = 'Copy/Paste'
2024-11-19 15:25:02,325 - INFO - Got the image description...
2024-11-19 15:25:02,325 - INFO - Got the image description...
2024-11-19 15:25:10,520 - INFO - got the answer for the given text....
2024-11-19 15:25:10,520 - INFO - got the answer for the given text....
